AppFilesMaria/UIMirror/app/build/intermediates/manifest_merge_blame_file/debug/processDebugMainManifest/manifest-merger-blame-debug-report.txt
1<?xml version="1.0" encoding="utf-8"?>
2<manifest xmlns:android="http://schemas.android.com/apk/res/android"
3    package="com.example.uimirror"
4    android:versionCode="1"
5    android:versionName="1.0" >
6
7    <uses-sdk
8        android:minSdkVersion="21"
9        android:targetSdkVersion="34" />
10    <!-- Messages Permission -->
11    <uses-permission android:name="android.permission.WAKE_LOCK" />
11-->src/main/AndroidManifest.xml:5:5-68
11-->src/main/AndroidManifest.xml:5:22-65
12    <uses-permission android:name="android.permission.POST_NOTIFICATIONS" /> <!-- Camera Permission -->
12-->src/main/AndroidManifest.xml:6:5-77
12-->src/main/AndroidManifest.xml:6:22-74
13    <uses-permission android:name="android.permission.CAMERA" />
13-->src/main/AndroidManifest.xml:7:5-65
13-->src/main/AndroidManifest.xml:7:22-62
14    <uses-permission android:name="android.permission.READ_EXTERNAL_STORAGE" />
14-->src/main/AndroidManifest.xml:8:5-80
14-->src/main/AndroidManifest.xml:8:22-77
15    <uses-permission android:name="android.permission.WRITE_EXTERNAL_STORAGE" /> <!-- Declares camera feature, not required -->
15-->src/main/AndroidManifest.xml:9:5-81
15-->src/main/AndroidManifest.xml:9:22-78
16    <uses-feature
16-->src/main/AndroidManifest.xml:10:5-12:36
17        android:name="android.hardware.camera"
17-->src/main/AndroidManifest.xml:11:9-47
18        android:required="false" />
18-->src/main/AndroidManifest.xml:12:9-33
19    <!-- Declares alarm feature, not required -->
20    <uses-permission android:name="android.permission.SCHEDULE_EXACT_ALARM" />
20-->src/main/AndroidManifest.xml:14:5-79
20-->src/main/AndroidManifest.xml:14:22-76
21
22    <queries>
22-->[androidx.camera:camera-extensions:1.1.0] AndroidManifest.xml:24:5-28:15
23        <intent>
23-->[androidx.camera:camera-extensions:1.1.0] AndroidManifest.xml:25:9-27:18
24            <action android:name="androidx.camera.extensions.action.VENDOR_ACTION" />
24-->[androidx.camera:camera-extensions:1.1.0] AndroidManifest.xml:26:13-86
24-->[androidx.camera:camera-extensions:1.1.0] AndroidManifest.xml:26:21-83
25        </intent>
26    </queries>
27
28    <permission
28-->[androidx.core:core:1.13.0] AndroidManifest.xml:22:5-24:47
29        android:name="com.example.uimirror.DYNAMIC_RECEIVER_NOT_EXPORTED_PERMISSION"
29-->[androidx.core:core:1.13.0] AndroidManifest.xml:23:9-81
30        android:protectionLevel="signature" />
30-->[androidx.core:core:1.13.0] AndroidManifest.xml:24:9-44
31
32    <uses-permission android:name="com.example.uimirror.DYNAMIC_RECEIVER_NOT_EXPORTED_PERMISSION" />
32-->[androidx.core:core:1.13.0] AndroidManifest.xml:26:5-97
32-->[androidx.core:core:1.13.0] AndroidManifest.xml:26:22-94
33
34    <application
34-->src/main/AndroidManifest.xml:16:5-45:19
35        android:name="com.example.uimirror.UiMirrorApplication"
35-->src/main/AndroidManifest.xml:17:9-44
36        android:allowBackup="true"
36-->src/main/AndroidManifest.xml:18:9-35
37        android:appComponentFactory="androidx.core.app.CoreComponentFactory"
37-->[androidx.core:core:1.13.0] AndroidManifest.xml:28:18-86
38        android:dataExtractionRules="@xml/data_extraction_rules"
38-->src/main/AndroidManifest.xml:19:9-65
39        android:debuggable="true"
40        android:extractNativeLibs="true"
41        android:fullBackupContent="@xml/backup_rules"
41-->src/main/AndroidManifest.xml:20:9-54
42        android:icon="@drawable/logo_white"
42-->src/main/AndroidManifest.xml:21:9-44
43        android:label="@string/app_name"
43-->src/main/AndroidManifest.xml:22:9-41
44        android:roundIcon="@drawable/logo_white"
44-->src/main/AndroidManifest.xml:23:9-49
45        android:supportsRtl="true"
45-->src/main/AndroidManifest.xml:24:9-35
46        android:testOnly="true"
47        android:theme="@style/Theme.UIMirror" >
47-->src/main/AndroidManifest.xml:25:9-46
48
49        <!-- android:roundIcon="@mipmap/ic_launcher_round" -->
50
51        <activity
51-->src/main/AndroidManifest.xml:29:9-38:20
52            android:name="com.example.uimirror.LoginActivity"
52-->src/main/AndroidManifest.xml:30:13-42
53            android:exported="true"
53-->src/main/AndroidManifest.xml:31:13-36
54            android:theme="@style/Theme.UIMirror" >
54-->src/main/AndroidManifest.xml:32:13-50
55            <intent-filter>
55-->src/main/AndroidManifest.xml:33:13-37:29
56                <action android:name="android.intent.action.MAIN" />
56-->src/main/AndroidManifest.xml:34:17-69
56-->src/main/AndroidManifest.xml:34:25-66
57
58                <category android:name="android.intent.category.LAUNCHER" />
58-->src/main/AndroidManifest.xml:36:17-77
58-->src/main/AndroidManifest.xml:36:27-74
59            </intent-filter>
60        </activity>
61        <activity android:name="com.example.uimirror.SongSelectionActivity" />
61-->src/main/AndroidManifest.xml:39:9-58
61-->src/main/AndroidManifest.xml:39:19-56
62        <activity android:name="com.example.uimirror.GreetingActivity" />
62-->src/main/AndroidManifest.xml:40:9-54
62-->src/main/AndroidManifest.xml:40:19-51
63        <activity android:name="com.example.uimirror.MainActivity" />
63-->src/main/AndroidManifest.xml:41:9-50
63-->src/main/AndroidManifest.xml:41:19-47
64        <activity android:name="com.example.uimirror.AlarmEditorActivity" />
64-->src/main/AndroidManifest.xml:42:9-57
64-->src/main/AndroidManifest.xml:42:19-54
65
66        <receiver android:name="com.example.uimirror.AlarmReceiver" />
66-->src/main/AndroidManifest.xml:44:9-51
66-->src/main/AndroidManifest.xml:44:19-48
67
68        <service
68-->[androidx.room:room-runtime:2.6.1] AndroidManifest.xml:24:9-28:63
69            android:name="androidx.room.MultiInstanceInvalidationService"
69-->[androidx.room:room-runtime:2.6.1] AndroidManifest.xml:25:13-74
70            android:directBootAware="true"
70-->[androidx.room:room-runtime:2.6.1] AndroidManifest.xml:26:13-43
71            android:exported="false" />
71-->[androidx.room:room-runtime:2.6.1] AndroidManifest.xml:27:13-37
72
73        <uses-library
73-->[androidx.camera:camera-extensions:1.1.0] AndroidManifest.xml:31:9-33:40
74            android:name="androidx.camera.extensions.impl"
74-->[androidx.camera:camera-extensions:1.1.0] AndroidManifest.xml:32:13-59
75            android:required="false" />
75-->[androidx.camera:camera-extensions:1.1.0] AndroidManifest.xml:33:13-37
76
77        <service
77-->[androidx.camera:camera-camera2:1.1.0] AndroidManifest.xml:26:9-35:19
78            android:name="androidx.camera.core.impl.MetadataHolderService"
78-->[androidx.camera:camera-camera2:1.1.0] AndroidManifest.xml:27:13-75
79            android:enabled="false"
79-->[androidx.camera:camera-camera2:1.1.0] AndroidManifest.xml:28:13-36
80            android:exported="false" >
80-->[androidx.camera:camera-camera2:1.1.0] AndroidManifest.xml:29:13-37
81            <meta-data
81-->[androidx.camera:camera-camera2:1.1.0] AndroidManifest.xml:32:13-34:89
82                android:name="androidx.camera.core.impl.MetadataHolderService.DEFAULT_CONFIG_PROVIDER"
82-->[androidx.camera:camera-camera2:1.1.0] AndroidManifest.xml:33:17-103
83                android:value="androidx.camera.camera2.Camera2Config$DefaultProvider" />
83-->[androidx.camera:camera-camera2:1.1.0] AndroidManifest.xml:34:17-86
84        </service>
85
86        <provider
86-->[androidx.emoji2:emoji2:1.2.0] AndroidManifest.xml:24:9-32:20
87            android:name="androidx.startup.InitializationProvider"
87-->[androidx.emoji2:emoji2:1.2.0] AndroidManifest.xml:25:13-67
88            android:authorities="com.example.uimirror.androidx-startup"
88-->[androidx.emoji2:emoji2:1.2.0] AndroidManifest.xml:26:13-68
89            android:exported="false" >
89-->[androidx.emoji2:emoji2:1.2.0] AndroidManifest.xml:27:13-37
90            <meta-data
90-->[androidx.emoji2:emoji2:1.2.0] AndroidManifest.xml:29:13-31:52
91                android:name="androidx.emoji2.text.EmojiCompatInitializer"
91-->[androidx.emoji2:emoji2:1.2.0] AndroidManifest.xml:30:17-75
92                android:value="androidx.startup" />
92-->[androidx.emoji2:emoji2:1.2.0] AndroidManifest.xml:31:17-49
93            <meta-data
93-->[androidx.lifecycle:lifecycle-process:2.8.6] AndroidManifest.xml:29:13-31:52
94                android:name="androidx.lifecycle.ProcessLifecycleInitializer"
94-->[androidx.lifecycle:lifecycle-process:2.8.6] AndroidManifest.xml:30:17-78
95                android:value="androidx.startup" />
95-->[androidx.lifecycle:lifecycle-process:2.8.6] AndroidManifest.xml:31:17-49
96            <meta-data
96-->[androidx.profileinstaller:profileinstaller:1.3.1] AndroidManifest.xml:29:13-31:52
97                android:name="androidx.profileinstaller.ProfileInstallerInitializer"
97-->[androidx.profileinstaller:profileinstaller:1.3.1] AndroidManifest.xml:30:17-85
98                android:value="androidx.startup" />
98-->[androidx.profileinstaller:profileinstaller:1.3.1] AndroidManifest.xml:31:17-49
99        </provider>
100
101        <uses-library
101-->[androidx.window:window:1.0.0] AndroidManifest.xml:25:9-27:40
102            android:name="androidx.window.extensions"
102-->[androidx.window:window:1.0.0] AndroidManifest.xml:26:13-54
103            android:required="false" />
103-->[androidx.window:window:1.0.0] AndroidManifest.xml:27:13-37
104        <uses-library
104-->[androidx.window:window:1.0.0] AndroidManifest.xml:28:9-30:40
105            android:name="androidx.window.sidecar"
105-->[androidx.window:window:1.0.0] AndroidManifest.xml:29:13-51
106            android:required="false" />
106-->[androidx.window:window:1.0.0] AndroidManifest.xml:30:13-37
107
108        <receiver
108-->[androidx.profileinstaller:profileinstaller:1.3.1] AndroidManifest.xml:34:9-52:20
109            android:name="androidx.profileinstaller.ProfileInstallReceiver"
109-->[androidx.profileinstaller:profileinstaller:1.3.1] AndroidManifest.xml:35:13-76
110            android:directBootAware="false"
110-->[androidx.profileinstaller:profileinstaller:1.3.1] AndroidManifest.xml:36:13-44
111            android:enabled="true"
111-->[androidx.profileinstaller:profileinstaller:1.3.1] AndroidManifest.xml:37:13-35
112            android:exported="true"
112-->[androidx.profileinstaller:profileinstaller:1.3.1] AndroidManifest.xml:38:13-36
113            android:permission="android.permission.DUMP" >
113-->[androidx.profileinstaller:profileinstaller:1.3.1] AndroidManifest.xml:39:13-57
114            <intent-filter>
114-->[androidx.profileinstaller:profileinstaller:1.3.1] AndroidManifest.xml:40:13-42:29
115                <action android:name="androidx.profileinstaller.action.INSTALL_PROFILE" />
115-->[androidx.profileinstaller:profileinstaller:1.3.1] AndroidManifest.xml:41:17-91
115-->[androidx.profileinstaller:profileinstaller:1.3.1] AndroidManifest.xml:41:25-88
116            </intent-filter>
117            <intent-filter>
117-->[androidx.profileinstaller:profileinstaller:1.3.1] AndroidManifest.xml:43:13-45:29
118                <action android:name="androidx.profileinstaller.action.SKIP_FILE" />
118-->[androidx.profileinstaller:profileinstaller:1.3.1] AndroidManifest.xml:44:17-85
118-->[androidx.profileinstaller:profileinstaller:1.3.1] AndroidManifest.xml:44:25-82
119            </intent-filter>
120            <intent-filter>
120-->[androidx.profileinstaller:profileinstaller:1.3.1] AndroidManifest.xml:46:13-48:29
121                <action android:name="androidx.profileinstaller.action.SAVE_PROFILE" />
121-->[androidx.profileinstaller:profileinstaller:1.3.1] AndroidManifest.xml:47:17-88
121-->[androidx.profileinstaller:profileinstaller:1.3.1] AndroidManifest.xml:47:25-85
122            </intent-filter>
123            <intent-filter>
123-->[androidx.profileinstaller:profileinstaller:1.3.1] AndroidManifest.xml:49:13-51:29
124                <action android:name="androidx.profileinstaller.action.BENCHMARK_OPERATION" />
124-->[androidx.profileinstaller:profileinstaller:1.3.1] AndroidManifest.xml:50:17-95
124-->[androidx.profileinstaller:profileinstaller:1.3.1] AndroidManifest.xml:50:25-92
125            </intent-filter>
126        </receiver>
127    </application>
128
129</manifest>